Vim: Warning: Output is not to a terminal
Vim: Warning: Input is not from a terminal
[?1049h[22;0;0t[>4;2m[?1h=[?2004h[1;24r[?12h[?12l[22;2t[22;1t[27m[23m[29m[m[H[2J[?2004l[?2004h[?25l[24;1H".sub"[?2004l[?2004h 13L, 402C[?2004l[?2004h[?2004l[?2004h[?2004l[?2004h[?2004l[?2004h[?2004l[?2004h[?2004l[?2004h[?2004l[?2004h[?2004l[?2004h[?2004l[?2004h[?2004l[?2004h[?2004l[?2004h[?2004l[?2004h[1;1Huniverse = vanilla
executable = /afs/cern.ch/user/j/jtariq/POWHEG-BOX-V2/Z///testrun-lhc-8TeV/./..//[3;1Hpwhg_main
log =log/.log.
error = log/.error.-
output =log/.output.-
When_to_transfer_output = ON_EXIT
request_cpus   = 20
+jobflavour=tomorrow
notification = always
notify_user = junaid.tariq@cern.ch
should_transfer_files = YES
transfer_input_files =///testrun-lhc-8TeV/powheg.input,/pwhg_main
queue 1
[94m~                                                                               [16;1H~                                                                               [17;1H~                                                                               [18;1H~                                                                               [19;1H~                                                                               [20;1H~                                                                               [21;1H~                                                                               [22;1H~                                                                               [23;1H~                                                                               [m[24;63H1,1[11CAll[1;1H[?25h[?2004l[?2004h[?2004l[?2004h[?2004l[?2004h[?2004l[?2004h[?2004l[?2004h[?2004l[?2004h[?2004l[?2004h[?2004l[?2004h[?2004l[?2004h[?2004l[?2004h[?2004l[?2004h[?2004l[?2004h[?2004l[?2004h[?2004l[?2004h[?2004l[?2004h[?2004l[?2004h[?2004l[?2004h[?2004l[?2004h[?2004l[?2004h[?2004l[?2004h[?2004l[?2004h[?2004l[?2004h[?2004l[?2004h[?2004l[?2004h[?2004l[?2004h[?2004l[?2004h[?2004l[?2004h[?2004l[?2004h[?2004l[?2004h[?2004l[?2004h[?2004l[?2004h[?2004l[?2004h[?2004l[?2004h[?2004l[?2004h[?2004l[?2004h[?2004l[?2004h[?2004l[?2004h[?2004l[?2004h[?2004l[?2004h[?2004l[?2004h[?2004l[?2004h[?2004l[?2004h[?2004l[?2004h[?2004l[?2004h[?2004l[?2004h[?2004l[?2004h[?2004l[?2004h[?2004l[?2004h[?2004l[?2004h[?2004l[?2004h[?2004l[?2004h[?2004l[?2004h[?2004l[?2004h[?2004l[?2004h[?2004l[?2004h[?2004l[?2004h[?2004l[?2004h[?2004l[?2004h[?2004l[?2004h[?2004l[?2004h[?2004l[?2004h[?2004l[?2004h[?2004l[?2004h[?2004l[?2004h[?2004l[?2004h[?2004l[?2004h[?2004l[?2004h[?2004l[?2004h[?2004l[?2004h[?2004l[?2004h[?2004l[?2004h[?2004l[?2004h[?2004l[?2004h[?2004l[?2004h[?2004l[?2004h[?2004l[?2004h[?2004l[?2004h[?2004l[?2004h[?2004l[?2004h[?2004l[?2004h[?2004l[?2004h[?2004l[?2004h[?2004l[?2004h[?2004l[?2004h[?2004l[?2004h[?2004l[?2004h[?2004l[?2004h[?2004l[?2004h[?2004l[?2004h[?2004l[?2004h[?2004l[?2004h[?2004l[?2004h[?2004l[?2004h[?2004l[?2004h[?2004l[?2004h[?2004l[?2004h[?2004l[?2004h[?2004l[?2004h[?2004l[?2004h[?2004l[?2004h[?2004l[?2004h[24;1H[?2004l[?2004l[?1l>[>4;m[?1049l[23;0;0tVim: Error reading input, exiting...
Vim: Finished.
[24;1H[23;2t[23;1t
Vim: Warning: Output is not to a terminal
Vim: Warning: Input is not from a terminal
[?1049h[22;0;0t[>4;2m[?1h=[?2004h[1;24r[?12h[?12l[22;2t[22;1t[27m[23m[29m[m[H[2J[?2004l[?2004h[?25l[24;1H".sub"[?2004l[?2004h 26L, 806C[?2004l[?2004h[?2004l[?2004h[?2004l[?2004h[?2004l[?2004h[?2004l[?2004h[?2004l[?2004h[?2004l[?2004h[?2004l[?2004h[?2004l[?2004h[?2004l[?2004h[?2004l[?2004h[?2004l[?2004h[1;1Huniverse = vanilla
executable = /afs/cern.ch/user/j/jtariq/POWHEG-BOX-V2/Z///testrun-lhc-8TeV/./..//[3;1Hpwhg_main
log =log/.log.
error = log/.error.-
output =log/.output.-
When_to_transfer_output = ON_EXIT
request_cpus   = 20
+jobflavour=tomorrow
notification = always
notify_user = junaid.tariq@cern.ch
should_transfer_files = YES
transfer_input_files =///testrun-lhc-8TeV/powheg.input,/pwhg_main
queue 1
universe = vanilla
executable = /afs/cern.ch/user/j/jtariq/POWHEG-BOX-V2/Z///testrun-lhc-8TeV/./..//[17;1Hpwhg_main
log =log/.log.
error = log/.error.-
output =log/.output.-
When_to_transfer_output = ON_EXIT
request_cpus   = 20
+jobflavour=tomorrow[24;63H1,1[11CTop[1;1H[?25h[?2004l[?2004h[?2004l[?2004h[?2004l[?2004h[?2004l[?2004h[?2004l[?2004h[?2004l[?2004h[?2004l[?2004h[?2004l[?2004h[?2004l[?2004h[?2004l[?2004h[?2004l[?2004h[?2004l[?2004h[?2004l[?2004h[?2004l[?2004h[?2004l[?2004h[?2004l[?2004h[?2004l[?2004h[?2004l[?2004h[?2004l[?2004h[?2004l[?2004h[?2004l[?2004h[?2004l[?2004h[?2004l[?2004h[?2004l[?2004h[?2004l[?2004h[?2004l[?2004h[?2004l[?2004h[?2004l[?2004h[?2004l[?2004h[?2004l[?2004h[?2004l[?2004h[?2004l[?2004h[?2004l[?2004h[?2004l[?2004h[?2004l[?2004h[?2004l[?2004h[?2004l[?2004h[?2004l[?2004h[?2004l[?2004h[?2004l[?2004h[?2004l[?2004h[?2004l[?2004h[?2004l[?2004h[?2004l[?2004h[?2004l[?2004h[?2004l[?2004h[?2004l[?2004h[?2004l[?2004h[?2004l[?2004h[?2004l[?2004h[?2004l[?2004h[?2004l[?2004h[?2004l[?2004h[?2004l[?2004h[?2004l[?2004h[?2004l[?2004h[?2004l[?2004h[?2004l[?2004h[?2004l[?2004h[?2004l[?2004h[?2004l[?2004h[?2004l[?2004h[?2004l[?2004h[?2004l[?2004h[?2004l[?2004h[?2004l[?2004h[?2004l[?2004h[?2004l[?2004h[?2004l[?2004h[?2004l[?2004h[?2004l[?2004h[?2004l[?2004h[?2004l[?2004h[?2004l[?2004h[?2004l[?2004h[?2004l[?2004h[?2004l[?2004h[?2004l[?2004h[?2004l[?2004h[?2004l[?2004h[?2004l[?2004h[?2004l[?2004h[?2004l[?2004h[?2004l[?2004h[?2004l[?2004h[?2004l[?2004h[?2004l[?2004h[?2004l[?2004h[?2004l[?2004h[?2004l[?2004h[?2004l[?2004h[?2004l[?2004h[?2004l[?2004h[?2004l[?2004h[?2004l[?2004h[?2004l[?2004h[?2004l[?2004h[?2004l[?2004h[?2004l[?2004h[?2004l[?2004h[?2004l[?2004h[24;1H[?2004l[?2004l[?1l>[>4;m[?1049l[23;0;0tVim: Error reading input, exiting...
Vim: Finished.
[24;1H[23;2t[23;1t
Vim: Warning: Output is not to a terminal
Vim: Warning: Input is not from a terminal
[?1049h[22;0;0t[>4;2m[?1h=[?2004h[1;24r[?12h[?12l[22;2t[22;1t[27m[23m[29m[m[H[2J[?2004l[?2004h[?25l[24;1H".sub"[?2004l[?2004h 39L, 1217C[?2004l[?2004h[?2004l[?2004h[?2004l[?2004h[?2004l[?2004h[?2004l[?2004h[?2004l[?2004h[?2004l[?2004h[?2004l[?2004h[?2004l[?2004h[?2004l[?2004h[?2004l[?2004h[?2004l[?2004h[1;1Huniverse = vanilla
executable = /afs/cern.ch/user/j/jtariq/POWHEG-BOX-V2/Z///testrun-lhc-8TeV/./..//[3;1Hpwhg_main
log =log/.log.
error = log/.error.-
output =log/.output.-
When_to_transfer_output = ON_EXIT
request_cpus   = 20
+jobflavour=tomorrow
notification = always
notify_user = junaid.tariq@cern.ch
should_transfer_files = YES
transfer_input_files =///testrun-lhc-8TeV/powheg.input,/pwhg_main
queue 1
universe = vanilla
executable = /afs/cern.ch/user/j/jtariq/POWHEG-BOX-V2/Z///testrun-lhc-8TeV/./..//[17;1Hpwhg_main
log =log/.log.
error = log/.error.-
output =log/.output.-
When_to_transfer_output = ON_EXIT
request_cpus   = 20
+jobflavour=tomorrow[24;63H1,1[11CTop[1;1H[?25h[?2004l[?2004h[?2004l[?2004h[?2004l[?2004h[?2004l[?2004h[?2004l[?2004h[?2004l[?2004h[?2004l[?2004h[?2004l[?2004h[?2004l[?2004h[?2004l[?2004h[?2004l[?2004h[?2004l[?2004h[?2004l[?2004h[?2004l[?2004h[?2004l[?2004h[?2004l[?2004h[?2004l[?2004h[?2004l[?2004h[?2004l[?2004h[?2004l[?2004h[?2004l[?2004h[?2004l[?2004h[?2004l[?2004h[?2004l[?2004h[?2004l[?2004h[?2004l[?2004h[?2004l[?2004h[?2004l[?2004h[?2004l[?2004h[?2004l[?2004h[?2004l[?2004h[?2004l[?2004h[?2004l[?2004h[?2004l[?2004h[?2004l[?2004h[?2004l[?2004h[?2004l[?2004h[?2004l[?2004h[?2004l[?2004h[?2004l[?2004h[?2004l[?2004h[?2004l[?2004h[?2004l[?2004h[?2004l[?2004h[?2004l[?2004h[?2004l[?2004h[?2004l[?2004h[?2004l[?2004h[?2004l[?2004h[?2004l[?2004h[?2004l[?2004h[?2004l[?2004h[?2004l[?2004h[?2004l[?2004h[?2004l[?2004h[?2004l[?2004h[?2004l[?2004h[?2004l[?2004h[?2004l[?2004h[?2004l[?2004h[?2004l[?2004h[?2004l[?2004h[?2004l[?2004h[?2004l[?2004h[?2004l[?2004h[?2004l[?2004h[?2004l[?2004h[?2004l[?2004h[?2004l[?2004h[?2004l[?2004h[?2004l[?2004h[?2004l[?2004h[?2004l[?2004h[?2004l[?2004h[?2004l[?2004h[?2004l[?2004h[?2004l[?2004h[?2004l[?2004h[?2004l[?2004h[?2004l[?2004h[?2004l[?2004h[?2004l[?2004h[?2004l[?2004h[?2004l[?2004h[?2004l[?2004h[?2004l[?2004h[?2004l[?2004h[?2004l[?2004h[?2004l[?2004h[?2004l[?2004h[?2004l[?2004h[?2004l[?2004h[?2004l[?2004h[?2004l[?2004h[?2004l[?2004h[?2004l[?2004h[?2004l[?2004h[?2004l[?2004h[?2004l[?2004h[?2004l[?2004h[?2004l[?2004h[24;1H[?2004l[?2004l[?1l>[>4;m[?1049l[23;0;0tVim: Error reading input, exiting...
Vim: Finished.
[24;1H[23;2t[23;1t
Vim: Warning: Output is not to a terminal
Vim: Warning: Input is not from a terminal
[?1049h[22;0;0t[>4;2m[?1h=[?2004h[1;24r[?12h[?12l[22;2t[22;1t[27m[23m[29m[m[H[2J[?2004l[?2004h[?25l[24;1H".sub"[?2004l[?2004h 52L, 1671C[?2004l[?2004h[?2004l[?2004h[?2004l[?2004h[?2004l[?2004h[?2004l[?2004h[?2004l[?2004h[?2004l[?2004h[?2004l[?2004h[?2004l[?2004h[?2004l[?2004h[?2004l[?2004h[?2004l[?2004h[1;1Huniverse = vanilla
executable = /afs/cern.ch/user/j/jtariq/POWHEG-BOX-V2/Z///testrun-lhc-8TeV/./..//[3;1Hpwhg_main
log =log/.log.
error = log/.error.-
output =log/.output.-
When_to_transfer_output = ON_EXIT
request_cpus   = 20
+jobflavour=tomorrow
notification = always
notify_user = junaid.tariq@cern.ch
should_transfer_files = YES
transfer_input_files =///testrun-lhc-8TeV/powheg.input,/pwhg_main
queue 1
universe = vanilla
executable = /afs/cern.ch/user/j/jtariq/POWHEG-BOX-V2/Z///testrun-lhc-8TeV/./..//[17;1Hpwhg_main
log =log/.log.
error = log/.error.-
output =log/.output.-
When_to_transfer_output = ON_EXIT
request_cpus   = 20
+jobflavour=tomorrow[24;63H1,1[11CTop[1;1H[?25h[?2004l[?2004h[?2004l[?2004h[?2004l[?2004h[?2004l[?2004h[?2004l[?2004h[?2004l[?2004h[?2004l[?2004h[?2004l[?2004h[?2004l[?2004h[?2004l[?2004h[?2004l[?2004h[?2004l[?2004h[?2004l[?2004h[?2004l[?2004h[?2004l[?2004h[?2004l[?2004h[?2004l[?2004h[?2004l[?2004h[?2004l[?2004h[?2004l[?2004h[?2004l[?2004h[?2004l[?2004h[?2004l[?2004h[?2004l[?2004h[?2004l[?2004h[?2004l[?2004h[?2004l[?2004h[?2004l[?2004h[?2004l[?2004h[?2004l[?2004h[?2004l[?2004h[?2004l[?2004h[?2004l[?2004h[?2004l[?2004h[?2004l[?2004h[?2004l[?2004h[?2004l[?2004h[?2004l[?2004h[?2004l[?2004h[?2004l[?2004h[?2004l[?2004h[?2004l[?2004h[?2004l[?2004h[?2004l[?2004h[?2004l[?2004h[?2004l[?2004h[?2004l[?2004h[?2004l[?2004h[?2004l[?2004h[?2004l[?2004h[?2004l[?2004h[?2004l[?2004h[?2004l[?2004h[?2004l[?2004h[?2004l[?2004h[?2004l[?2004h[?2004l[?2004h[?2004l[?2004h[?2004l[?2004h[?2004l[?2004h[?2004l[?2004h[?2004l[?2004h[?2004l[?2004h[?2004l[?2004h[?2004l[?2004h[?2004l[?2004h[?2004l[?2004h[?2004l[?2004h[?2004l[?2004h[?2004l[?2004h[?2004l[?2004h[?2004l[?2004h[?2004l[?2004h[?2004l[?2004h[?2004l[?2004h[?2004l[?2004h[?2004l[?2004h[?2004l[?2004h[?2004l[?2004h[?2004l[?2004h[?2004l[?2004h[?2004l[?2004h[?2004l[?2004h[?2004l[?2004h[?2004l[?2004h[?2004l[?2004h[?2004l[?2004h[?2004l[?2004h[?2004l[?2004h[?2004l[?2004h[?2004l[?2004h[?2004l[?2004h[?2004l[?2004h[?2004l[?2004h[?2004l[?2004h[?2004l[?2004h[?2004l[?2004h[?2004l[?2004h[?2004l[?2004h[?2004l[?2004h[?2004l[?2004h[24;1H[?2004l[?2004l[?1l>[>4;m[?1049l[23;0;0tVim: Error reading input, exiting...
Vim: Finished.
[24;1H[23;2t[23;1t
Vim: Warning: Output is not to a terminal
Vim: Warning: Input is not from a terminal
[?1049h[22;0;0t[>4;2m[?1h=[?2004h[1;24r[?12h[?12l[22;2t[22;1t[27m[23m[29m[m[H[2J[?2004l[?2004h[?25l[24;1H".sub"[?2004l[?2004h 65L, 2125C[?2004l[?2004h[?2004l[?2004h[?2004l[?2004h[?2004l[?2004h[?2004l[?2004h[?2004l[?2004h[?2004l[?2004h[?2004l[?2004h[?2004l[?2004h[?2004l[?2004h[?2004l[?2004h[?2004l[?2004h[1;1Huniverse = vanilla
executable = /afs/cern.ch/user/j/jtariq/POWHEG-BOX-V2/Z///testrun-lhc-8TeV/./..//[3;1Hpwhg_main
log =log/.log.
error = log/.error.-
output =log/.output.-
When_to_transfer_output = ON_EXIT
request_cpus   = 20
+jobflavour=tomorrow
notification = always
notify_user = junaid.tariq@cern.ch
should_transfer_files = YES
transfer_input_files =///testrun-lhc-8TeV/powheg.input,/pwhg_main
queue 1
universe = vanilla
executable = /afs/cern.ch/user/j/jtariq/POWHEG-BOX-V2/Z///testrun-lhc-8TeV/./..//[17;1Hpwhg_main
log =log/.log.
error = log/.error.-
output =log/.output.-
When_to_transfer_output = ON_EXIT
request_cpus   = 20
+jobflavour=tomorrow[24;63H1,1[11CTop[1;1H[?25h[?2004l[?2004h[?2004l[?2004h[?2004l[?2004h[?2004l[?2004h[?2004l[?2004h[?2004l[?2004h[?2004l[?2004h[?2004l[?2004h[?2004l[?2004h[?2004l[?2004h[?2004l[?2004h[?2004l[?2004h[?2004l[?2004h[?2004l[?2004h[?2004l[?2004h[?2004l[?2004h[?2004l[?2004h[?2004l[?2004h[?2004l[?2004h[?2004l[?2004h[?2004l[?2004h[?2004l[?2004h[?2004l[?2004h[?2004l[?2004h[?2004l[?2004h[?2004l[?2004h[?2004l[?2004h[?2004l[?2004h[?2004l[?2004h[?2004l[?2004h[?2004l[?2004h[?2004l[?2004h[?2004l[?2004h[?2004l[?2004h[?2004l[?2004h[?2004l[?2004h[?2004l[?2004h[?2004l[?2004h[?2004l[?2004h[?2004l[?2004h[?2004l[?2004h[?2004l[?2004h[?2004l[?2004h[?2004l[?2004h[?2004l[?2004h[?2004l[?2004h[?2004l[?2004h[?2004l[?2004h[?2004l[?2004h[?2004l[?2004h[?2004l[?2004h[?2004l[?2004h[?2004l[?2004h[?2004l[?2004h[?2004l[?2004h[?2004l[?2004h[?2004l[?2004h[?2004l[?2004h[?2004l[?2004h[?2004l[?2004h[?2004l[?2004h[?2004l[?2004h[?2004l[?2004h[?2004l[?2004h[?2004l[?2004h[?2004l[?2004h[?2004l[?2004h[?2004l[?2004h[?2004l[?2004h[?2004l[?2004h[?2004l[?2004h[?2004l[?2004h[?2004l[?2004h[?2004l[?2004h[?2004l[?2004h[?2004l[?2004h[?2004l[?2004h[?2004l[?2004h[?2004l[?2004h[?2004l[?2004h[?2004l[?2004h[?2004l[?2004h[?2004l[?2004h[?2004l[?2004h[?2004l[?2004h[?2004l[?2004h[?2004l[?2004h[?2004l[?2004h[?2004l[?2004h[?2004l[?2004h[?2004l[?2004h[?2004l[?2004h[?2004l[?2004h[?2004l[?2004h[?2004l[?2004h[?2004l[?2004h[?2004l[?2004h[?2004l[?2004h[?2004l[?2004h[?2004l[?2004h[?2004l[?2004h[24;1H[?2004l[?2004l[?1l>[>4;m[?1049l[23;0;0tVim: Error reading input, exiting...
Vim: Finished.
[24;1H[23;2t[23;1t
